[    92.852] (--) Log file renamed from "/home/aicha/.local/share/xorg/Xorg.pid-1257.log" to "/home/aicha/.local/share/xorg/Xorg.0.log"
[    92.852] 
X.Org X Server 1.20.8
X Protocol Version 11, Revision 0
[    92.852] Build Operating System: Linux 4.15.0-124-generic x86_64 Ubuntu
[    92.852] Current Operating System: Linux aicha-VirtualBox 5.8.0-36-generic #40~20.04.1-Ubuntu SMP Wed Jan 6 10:15:55 UTC 2021 x86_64
[    92.852] Kernel command line: BOOT_IMAGE=/boot/vmlinuz-5.8.0-36-generic root=UUID=5668a16e-248d-4bbe-9c97-fdb3c78c0ec2 ro quiet splash
[    92.852] Build Date: 30 November 2020  05:56:33PM
[    92.852] xorg-server 2:1.20.8-2ubuntu2.6 (For technical support please see http://www.ubuntu.com/support) 
[    92.852] Current version of pixman: 0.38.4
[    92.852] 	Before reporting problems, check http://wiki.x.org
	to make sure that you have the latest version.
[    92.852] Markers: (--) probed, (**) from config file, (==) default setting,
	(++) from command line, (!!) notice, (II) informational,
	(WW) warning, (EE) error, (NI) not implemented, (??) unknown.
[    92.852] (==) Log file: "/home/aicha/.local/share/xorg/Xorg.0.log", Time: Tue Jan 19 14:59:47 2021
[    92.861] (==) Using system config directory "/usr/share/X11/xorg.conf.d"
[    92.864] (==) No Layout section.  Using the first Screen section.
[    92.864] (==) No screen section available. Using defaults.
[    92.864] (**) |-->Screen "Default Screen Section" (0)
[    92.864] (**) |   |-->Monitor "<default monitor>"
[    92.866] (==) No monitor specified for screen "Default Screen Section".
	Using a default monitor configuration.
[    92.866] (==) Automatically adding devices
[    92.866] (==) Automatically enabling devices
[    92.866] (==) Automatically adding GPU devices
[    92.866] (==) Automatically binding GPU devices
[    92.866] (==) Max clients allowed: 256, resource mask: 0x1fffff
[    92.866] (WW) The directory "/usr/share/fonts/X11/cyrillic" does not exist.
[    92.866] 	Entry deleted from font path.
[    92.866] (WW) The directory "/usr/share/fonts/X11/100dpi/" does not exist.
[    92.866] 	Entry deleted from font path.
[    92.866] (WW) The directory "/usr/share/fonts/X11/75dpi/" does not exist.
[    92.866] 	Entry deleted from font path.
[    92.866] (WW) The directory "/usr/share/fonts/X11/100dpi" does not exist.
[    92.866] 	Entry deleted from font path.
[    92.866] (WW) The directory "/usr/share/fonts/X11/75dpi" does not exist.
[    92.866] 	Entry deleted from font path.
[    92.866] (==) FontPath set to:
	/usr/share/fonts/X11/misc,
	/usr/share/fonts/X11/Type1,
	built-ins
[    92.866] (==) ModulePath set to "/usr/lib/xorg/modules"
[    92.866] (II) The server relies on udev to provide the list of input devices.
	If no devices become available, reconfigure udev or disable AutoAddDevices.
[    92.866] (II) Loader magic: 0x560d8aec6020
[    92.866] (II) Module ABI versions:
[    92.866] 	X.Org ANSI C Emulation: 0.4
[    92.866] 	X.Org Video Driver: 24.1
[    92.866] 	X.Org XInput driver : 24.1
[    92.866] 	X.Org Server Extension : 10.0
[    92.868] (++) using VT number 2

[    92.871] (II) systemd-logind: took control of session /org/freedesktop/login1/session/_32
[    92.875] (II) xfree86: Adding drm device (/dev/dri/card0)
[    92.877] (II) systemd-logind: got fd for /dev/dri/card0 226:0 fd 12 paused 0
[    92.890] (--) PCI:*(0@0:2:0) 15ad:0405:15ad:0405 rev 0, Mem @ 0xf0000000/16777216, 0xf1000000/2097152, I/O @ 0x0000d010/16, BIOS @ 0x????????/131072
[    92.891] (II) LoadModule: "glx"
[    92.895] (II) Loading /usr/lib/xorg/modules/extensions/libglx.so
[    92.901] (II) Module glx: vendor="X.Org Foundation"
[    92.901] 	compiled for 1.20.8, module version = 1.0.0
[    92.901] 	ABI class: X.Org Server Extension, version 10.0
[    92.901] (==) Matched vmware as autoconfigured driver 0
[    92.901] (==) Matched modesetting as autoconfigured driver 1
[    92.901] (==) Matched fbdev as autoconfigured driver 2
[    92.901] (==) Matched vesa as autoconfigured driver 3
[    92.901] (==) Assigned the driver to the xf86ConfigLayout
[    92.901] (II) LoadModule: "vmware"
[    92.903] (II) Loading /usr/lib/xorg/modules/drivers/vmware_drv.so
[    92.971] (II) Module vmware: vendor="X.Org Foundation"
[    92.971] 	compiled for 1.20.8, module version = 13.3.0
[    92.971] 	Module class: X.Org Video Driver
[    92.971] 	ABI class: X.Org Video Driver, version 24.1
[    92.972] (II) LoadModule: "modesetting"
[    92.972] (II) Loading /usr/lib/xorg/modules/drivers/modesetting_drv.so
[    92.974] (II) Module modesetting: vendor="X.Org Foundation"
[    92.974] 	compiled for 1.20.8, module version = 1.20.8
[    92.975] 	Module class: X.Org Video Driver
[    92.975] 	ABI class: X.Org Video Driver, version 24.1
[    92.975] (II) LoadModule: "fbdev"
[    92.975] (II) Loading /usr/lib/xorg/modules/drivers/fbdev_drv.so
[    92.976] (II) Module fbdev: vendor="X.Org Foundation"
[    92.977] 	compiled for 1.20.1, module version = 0.5.0
[    92.977] 	Module class: X.Org Video Driver
[    92.977] 	ABI class: X.Org Video Driver, version 24.0
[    92.977] (II) LoadModule: "vesa"
[    92.977] (II) Loading /usr/lib/xorg/modules/drivers/vesa_drv.so
[    92.978] (II) Module vesa: vendor="X.Org Foundation"
[    92.979] 	compiled for 1.20.4, module version = 2.4.0
[    92.979] 	Module class: X.Org Video Driver
[    92.979] 	ABI class: X.Org Video Driver, version 24.0
[    92.979] (II) vmware: driver for VMware SVGA: vmware0405, vmware0710
[    92.979] (II) modesetting: Driver for Modesetting Kernel Drivers: kms
[    92.979] (II) FBDEV: driver for framebuffer: fbdev
[    92.979] (II) VESA: driver for VESA chipsets: vesa
[    92.980] xf86EnableIOPorts: failed to set IOPL for I/O (Operation not permitted)
[    92.980] (WW) Falling back to old probe method for modesetting
[    92.980] (WW) Falling back to old probe method for fbdev
[    92.980] (II) Loading sub module "fbdevhw"
[    92.980] (II) LoadModule: "fbdevhw"
[    92.984] (II) Loading /usr/lib/xorg/modules/libfbdevhw.so
[    92.985] (II) Module fbdevhw: vendor="X.Org Foundation"
[    92.985] 	compiled for 1.20.8, module version = 0.0.2
[    92.985] 	ABI class: X.Org Video Driver, version 24.1
[    92.985] (EE) open /dev/fb0: Permission denied
[    92.985] (WW) VGA arbiter: cannot open kernel arbiter, no multi-card support
[    92.986] (II) vmware(0): Creating default Display subsection in Screen section
	"Default Screen Section" for depth/fbbpp 24/32
[    92.986] (--) vmware(0): DRM driver version is 2.18.0
[    92.986] (==) vmware(0): Depth 24, (--) framebuffer bpp 32
[    92.986] (==) vmware(0): RGB weight 888
[    92.986] (==) vmware(0): Default visual is TrueColor
[    92.986] (--) vmware(0): Min width 1, Max Width 8192.
[    92.986] (--) vmware(0): Min height 1, Max Height 8192.
[    92.986] (II) vmware(0): Output Virtual1 has no monitor section
[    92.986] (II) vmware(0): Output Virtual2 has no monitor section
[    92.986] (II) vmware(0): Output Virtual3 has no monitor section
[    92.986] (II) vmware(0): Output Virtual4 has no monitor section
[    92.986] (II) vmware(0): Output Virtual5 has no monitor section
[    92.986] (II) vmware(0): Output Virtual6 has no monitor section
[    92.986] (II) vmware(0): Output Virtual7 has no monitor section
[    92.986] (II) vmware(0): Output Virtual8 has no monitor section
[    92.987] (II) vmware(0): Printing probed modes for output Virtual1
[    92.987] (II) vmware(0): Modeline "800x600"x60.0   42.75  800 850 900 950  600 650 700 750 -hsync +vsync (45.0 kHz eP)
[    92.987] (II) vmware(0): Modeline "2560x1600"x60.0  348.50  2560 2752 3032 3504  1600 1603 1609 1658 -hsync +vsync (99.5 kHz e)
[    92.987] (II) vmware(0): Modeline "1920x1440"x60.0  234.00  1920 2048 2256 2600  1440 1441 1444 1500 -hsync +vsync (90.0 kHz e)
[    92.987] (II) vmware(0): Modeline "1856x1392"x60.0  218.25  1856 1952 2176 2528  1392 1393 1396 1439 -hsync +vsync (86.3 kHz e)
[    92.987] (II) vmware(0): Modeline "1792x1344"x60.0  204.75  1792 1920 2120 2448  1344 1345 1348 1394 -hsync +vsync (83.6 kHz e)
[    92.987] (II) vmware(0): Modeline "1920x1200"x59.9  193.25  1920 2056 2256 2592  1200 1203 1209 1245 -hsync +vsync (74.6 kHz e)
[    92.987] (II) vmware(0): Modeline "1600x1200"x60.0  162.00  1600 1664 1856 2160  1200 1201 1204 1250 +hsync +vsync (75.0 kHz e)
[    92.987] (II) vmware(0): Modeline "1680x1050"x60.0  146.25  1680 1784 1960 2240  1050 1053 1059 1089 -hsync +vsync (65.3 kHz e)
[    92.987] (II) vmware(0): Modeline "1400x1050"x60.0  121.75  1400 1488 1632 1864  1050 1053 1057 1089 -hsync +vsync (65.3 kHz e)
[    92.987] (II) vmware(0): Modeline "1280x1024"x60.0  108.00  1280 1328 1440 1688  1024 1025 1028 1066 +hsync +vsync (64.0 kHz e)
[    92.987] (II) vmware(0): Modeline "1440x900"x59.9  106.50  1440 1520 1672 1904  900 903 909 934 -hsync +vsync (55.9 kHz e)
[    92.987] (II) vmware(0): Modeline "1280x960"x60.0  108.00  1280 1376 1488 1800  960 961 964 1000 +hsync +vsync (60.0 kHz e)
[    92.987] (II) vmware(0): Modeline "1360x768"x60.0   85.50  1360 1424 1536 1792  768 771 777 795 +hsync +vsync (47.7 kHz e)
[    92.987] (II) vmware(0): Modeline "1280x800"x59.8   83.50  1280 1352 1480 1680  800 803 809 831 +hsync -vsync (49.7 kHz e)
[    92.987] (II) vmware(0): Modeline "1152x864"x75.0  108.00  1152 1216 1344 1600  864 865 868 900 +hsync +vsync (67.5 kHz e)
[    92.987] (II) vmware(0): Modeline "1280x768"x59.9   79.50  1280 1344 1472 1664  768 771 778 798 -hsync +vsync (47.8 kHz e)
[    92.987] (II) vmware(0): Modeline "1024x768"x60.0   65.00  1024 1048 1184 1344  768 771 777 806 -hsync -vsync (48.4 kHz e)
[    92.987] (II) vmware(0): Modeline "800x600"x60.3   40.00  800 840 968 1056  600 601 605 628 +hsync +vsync (37.9 kHz e)
[    92.987] (II) vmware(0): Modeline "640x480"x59.9   25.18  640 656 752 800  480 489 492 525 -hsync -vsync (31.5 kHz e)
[    92.987] (II) vmware(0): EDID for output Virtual2
[    92.987] (II) vmware(0): EDID for output Virtual3
[    92.987] (II) vmware(0): EDID for output Virtual4
[    92.987] (II) vmware(0): EDID for output Virtual5
[    92.987] (II) vmware(0): EDID for output Virtual6
[    92.987] (II) vmware(0): EDID for output Virtual7
[    92.987] (II) vmware(0): EDID for output Virtual8
[    92.987] (II) vmware(0): Output Virtual1 connected
[    92.987] (II) vmware(0): Output Virtual2 disconnected
[    92.987] (II) vmware(0): Output Virtual3 disconnected
[    92.987] (II) vmware(0): Output Virtual4 disconnected
[    92.987] (II) vmware(0): Output Virtual5 disconnected
[    92.987] (II) vmware(0): Output Virtual6 disconnected
[    92.987] (II) vmware(0): Output Virtual7 disconnected
[    92.987] (II) vmware(0): Output Virtual8 disconnected
[    92.987] (II) vmware(0): Using exact sizes for initial modes
[    92.987] (II) vmware(0): Output Virtual1 using initial mode 800x600 +0+0
[    92.987] (==) vmware(0): DPI set to (96, 96)
[    92.987] (==) vmware(0): Using gamma correction (1.0, 1.0, 1.0)
[    92.987] (II) Loading sub module "fb"
[    92.987] (II) LoadModule: "fb"
[    92.987] (II) Loading /usr/lib/xorg/modules/libfb.so
[    92.995] (II) Module fb: vendor="X.Org Foundation"
[    92.995] 	compiled for 1.20.8, module version = 1.0.0
[    92.995] 	ABI class: X.Org ANSI C Emulation, version 0.4
[    92.995] (II) Loading sub module "dri2"
[    92.995] (II) LoadModule: "dri2"
[    92.995] (II) Module "dri2" already built-in
[    92.995] (II) Loading sub module "dri3"
[    92.995] (II) LoadModule: "dri3"
[    92.995] (II) Module "dri3" already built-in
[    92.995] (II) UnloadModule: "modesetting"
[    92.995] (II) Unloading modesetting
[    92.995] (II) UnloadModule: "fbdev"
[    92.995] (II) Unloading fbdev
[    92.995] (II) UnloadSubModule: "fbdevhw"
[    92.995] (II) Unloading fbdevhw
[    92.995] (II) UnloadModule: "vesa"
[    92.995] (II) Unloading vesa
[    92.997] (II) vmware(0): Initialized VMWARE_CTRL extension version 0.2
[    93.010] (WW) vmware(0): Failed to initialize Gallium3D Xa. No render acceleration available.
[    93.010] (WW) vmware(0): Skipped initialization of direct rendering due to lack of render acceleration.
[    93.010] (--) vmware(0): Render acceleration is disabled.
[    93.010] (==) vmware(0): Rendercheck mode is disabled.
[    93.010] (--) vmware(0): Direct rendering (DRI2 3D) is disabled.
[    93.011] (--) vmware(0): Direct rendering (DRI3 3D) is disabled.
[    93.011] (==) vmware(0): Backing store enabled
[    93.011] (==) vmware(0): Silken mouse enabled
[    93.013] (==) vmware(0): DPMS enabled
[    93.013] (II) vmware(0): No 3D acceleration. Not setting up textured video.
[    93.013] (WW) vmware(0): Disabling Xv because no adaptors could be initialized.
[    93.013] (II) Initializing extension Generic Event Extension
[    93.015] (II) Initializing extension SHAPE
[    93.016] (II) Initializing extension MIT-SHM
[    93.018] (II) Initializing extension XInputExtension
[    93.019] (II) Initializing extension XTEST
[    93.019] (II) Initializing extension BIG-REQUESTS
[    93.022] (II) Initializing extension SYNC
[    93.023] (II) Initializing extension XKEYBOARD
[    93.023] (II) Initializing extension XC-MISC
[    93.024] (II) Initializing extension SECURITY
[    93.025] (II) Initializing extension XFIXES
[    93.028] (II) Initializing extension RENDER
[    93.028] (II) Initializing extension RANDR
[    93.029] (II) Initializing extension COMPOSITE
[    93.035] (II) Initializing extension DAMAGE
[    93.035] (II) Initializing extension MIT-SCREEN-SAVER
[    93.038] (II) Initializing extension DOUBLE-BUFFER
[    93.040] (II) Initializing extension RECORD
[    93.041] (II) Initializing extension DPMS
[    93.043] (II) Initializing extension Present
[    93.044] (II) Initializing extension DRI3
[    93.045] (II) Initializing extension X-Resource
[    93.047] (II) Initializing extension XVideo
[    93.047] (II) Initializing extension XVideo-MotionCompensation
[    93.048] (II) Initializing extension SELinux
[    93.048] (II) SELinux: Disabled on system
[    93.048] (II) Initializing extension GLX
[    93.052] (II) AIGLX: Screen 0 is not DRI2 capable
[    93.076] (II) IGLX: Loaded and initialized swrast
[    93.076] (II) GLX: Initialized DRISWRAST GL provider for screen 0
[    93.076] (II) Initializing extension XFree86-VidModeExtension
[    93.077] (II) Initializing extension XFree86-DGA
[    93.077] (II) Initializing extension XFree86-DRI
[    93.077] (II) Initializing extension DRI2
[    93.089] (II) vmware(0): Setting screen physical size to 211 x 158
[    93.260] (II) config/udev: Adding input device Power Button (/dev/input/event0)
[    93.260] (**) Power Button: Applying InputClass "libinput keyboard catchall"
[    93.260] (II) LoadModule: "libinput"
[    93.263] (II) Loading /usr/lib/xorg/modules/input/libinput_drv.so
[    93.269] (II) Module libinput: vendor="X.Org Foundation"
[    93.269] 	compiled for 1.20.4, module version = 0.29.0
[    93.269] 	Module class: X.Org XInput Driver
[    93.270] 	ABI class: X.Org XInput driver, version 24.1
[    93.270] (II) Using input driver 'libinput' for 'Power Button'
[    93.271] (II) systemd-logind: got fd for /dev/input/event0 13:64 fd 20 paused 0
[    93.271] (**) Power Button: always reports core events
[    93.271] (**) Option "Device" "/dev/input/event0"
[    93.271] (**) Option "_source" "server/udev"
[    93.277] (II) event0  - Power Button: is tagged by udev as: Keyboard
[    93.277] (II) event0  - Power Button: device is a keyboard
[    93.279] (II) event0  - Power Button: device removed
[    93.280] (**) Option "config_info" "udev:/sys/devices/LNXSYSTM:00/LNXPWRBN:00/input/input0/event0"
[    93.280] (II) XINPUT: Adding extended input device "Power Button" (type: KEYBOARD, id 6)
[    93.280] (**) Option "xkb_model" "pc105"
[    93.281] (**) Option "xkb_layout" "us"
[    93.283] (II) event0  - Power Button: is tagged by udev as: Keyboard
[    93.283] (II) event0  - Power Button: device is a keyboard
[    93.285] (II) config/udev: Adding input device Sleep Button (/dev/input/event1)
[    93.285] (**) Sleep Button: Applying InputClass "libinput keyboard catchall"
[    93.286] (II) Using input driver 'libinput' for 'Sleep Button'
[    93.287] (II) systemd-logind: got fd for /dev/input/event1 13:65 fd 23 paused 0
[    93.287] (**) Sleep Button: always reports core events
[    93.287] (**) Option "Device" "/dev/input/event1"
[    93.287] (**) Option "_source" "server/udev"
[    93.293] (II) event1  - Sleep Button: is tagged by udev as: Keyboard
[    93.294] (II) event1  - Sleep Button: device is a keyboard
[    93.294] (II) event1  - Sleep Button: device removed
[    93.294] (**) Option "config_info" "udev:/sys/devices/LNXSYSTM:00/LNXSLPBN:00/input/input1/event1"
[    93.294] (II) XINPUT: Adding extended input device "Sleep Button" (type: KEYBOARD, id 7)
[    93.294] (**) Option "xkb_model" "pc105"
[    93.294] (**) Option "xkb_layout" "us"
[    93.297] (II) event1  - Sleep Button: is tagged by udev as: Keyboard
[    93.298] (II) event1  - Sleep Button: device is a keyboard
[    93.299] (II) config/udev: Adding input device Video Bus (/dev/input/event3)
[    93.299] (**) Video Bus: Applying InputClass "libinput keyboard catchall"
[    93.299] (II) Using input driver 'libinput' for 'Video Bus'
[    93.302] (II) systemd-logind: got fd for /dev/input/event3 13:67 fd 24 paused 0
[    93.302] (**) Video Bus: always reports core events
[    93.302] (**) Option "Device" "/dev/input/event3"
[    93.302] (**) Option "_source" "server/udev"
[    93.306] (II) event3  - Video Bus: is tagged by udev as: Keyboard
[    93.306] (II) event3  - Video Bus: device is a keyboard
[    93.306] (II) event3  - Video Bus: device removed
[    93.306] (**) Option "config_info" "udev:/sys/devices/LNXSYSTM:00/LNXSYBUS:00/PNP0A03:00/LNXVIDEO:00/input/input4/event3"
[    93.306] (II) XINPUT: Adding extended input device "Video Bus" (type: KEYBOARD, id 8)
[    93.307] (**) Option "xkb_model" "pc105"
[    93.308] (**) Option "xkb_layout" "us"
[    93.311] (II) event3  - Video Bus: is tagged by udev as: Keyboard
[    93.311] (II) event3  - Video Bus: device is a keyboard
[    93.320] (II) config/udev: Adding input device VirtualBox mouse integration (/dev/input/event6)
[    93.320] (**) VirtualBox mouse integration: Applying InputClass "libinput pointer catchall"
[    93.320] (II) Using input driver 'libinput' for 'VirtualBox mouse integration'
[    93.322] (II) systemd-logind: got fd for /dev/input/event6 13:70 fd 25 paused 0
[    93.322] (**) VirtualBox mouse integration: always reports core events
[    93.322] (**) Option "Device" "/dev/input/event6"
[    93.322] (**) Option "_source" "server/udev"
[    93.323] (II) event6  - VirtualBox mouse integration: is tagged by udev as: Mouse
[    93.324] (II) event6  - VirtualBox mouse integration: device is a pointer
[    93.324] (II) event6  - VirtualBox mouse integration: device removed
[    93.325] (**) Option "config_info" "udev:/sys/devices/pci0000:00/0000:00:04.0/input/input7/event6"
[    93.325] (II) XINPUT: Adding extended input device "VirtualBox mouse integration" (type: MOUSE, id 9)
[    93.326] (**) Option "AccelerationScheme" "none"
[    93.326] (**) VirtualBox mouse integration: (accel) selected scheme none/0
[    93.326] (**) VirtualBox mouse integration: (accel) acceleration factor: 2.000
[    93.326] (**) VirtualBox mouse integration: (accel) acceleration threshold: 4
[    93.331] (II) event6  - VirtualBox mouse integration: is tagged by udev as: Mouse
[    93.332] (II) event6  - VirtualBox mouse integration: device is a pointer
[    93.333] (II) config/udev: Adding input device VirtualBox mouse integration (/dev/input/js1)
[    93.333] (II) No input driver specified, ignoring this device.
[    93.333] (II) This device may have been added with another device file.
[    93.334] (II) config/udev: Adding input device VirtualBox mouse integration (/dev/input/mouse2)
[    93.334] (II) No input driver specified, ignoring this device.
[    93.335] (II) This device may have been added with another device file.
[    93.341] (II) config/udev: Adding input device VirtualBox USB Tablet (/dev/input/event5)
[    93.341] (**) VirtualBox USB Tablet: Applying InputClass "libinput pointer catchall"
[    93.341] (II) Using input driver 'libinput' for 'VirtualBox USB Tablet'
[    93.400] (II) systemd-logind: got fd for /dev/input/event5 13:69 fd 26 paused 0
[    93.400] (**) VirtualBox USB Tablet: always reports core events
[    93.400] (**) Option "Device" "/dev/input/event5"
[    93.400] (**) Option "_source" "server/udev"
[    93.402] (II) event5  - VirtualBox USB Tablet: is tagged by udev as: Mouse
[    93.402] (II) event5  - VirtualBox USB Tablet: device is a pointer
[    93.402] (II) event5  - VirtualBox USB Tablet: device removed
[    93.402] (**) Option "config_info" "udev:/sys/devices/pci0000:00/0000:00:06.0/usb1/1-1/1-1:1.0/0003:80EE:0021.0001/input/input6/event5"
[    93.402] (II) XINPUT: Adding extended input device "VirtualBox USB Tablet" (type: MOUSE, id 10)
[    93.402] (**) Option "AccelerationScheme" "none"
[    93.402] (**) VirtualBox USB Tablet: (accel) selected scheme none/0
[    93.402] (**) VirtualBox USB Tablet: (accel) acceleration factor: 2.000
[    93.402] (**) VirtualBox USB Tablet: (accel) acceleration threshold: 4
[    93.411] (II) event5  - VirtualBox USB Tablet: is tagged by udev as: Mouse
[    93.411] (II) event5  - VirtualBox USB Tablet: device is a pointer
[    93.412] (II) config/udev: Adding input device VirtualBox USB Tablet (/dev/input/js0)
[    93.413] (II) No input driver specified, ignoring this device.
[    93.413] (II) This device may have been added with another device file.
[    93.414] (II) config/udev: Adding input device VirtualBox USB Tablet (/dev/input/mouse1)
[    93.414] (II) No input driver specified, ignoring this device.
[    93.414] (II) This device may have been added with another device file.
[    93.421] (II) config/udev: Adding input device AT Translated Set 2 keyboard (/dev/input/event2)
[    93.421] (**) AT Translated Set 2 keyboard: Applying InputClass "libinput keyboard catchall"
[    93.421] (II) Using input driver 'libinput' for 'AT Translated Set 2 keyboard'
[    93.422] (II) systemd-logind: got fd for /dev/input/event2 13:66 fd 27 paused 0
[    93.422] (**) AT Translated Set 2 keyboard: always reports core events
[    93.422] (**) Option "Device" "/dev/input/event2"
[    93.423] (**) Option "_source" "server/udev"
[    93.425] (II) event2  - AT Translated Set 2 keyboard: is tagged by udev as: Keyboard
[    93.425] (II) event2  - AT Translated Set 2 keyboard: device is a keyboard
[    93.428] (II) event2  - AT Translated Set 2 keyboard: device removed
[    93.428] (**) Option "config_info" "udev:/sys/devices/platform/i8042/serio0/input/input2/event2"
[    93.428] (II) XINPUT: Adding extended input device "AT Translated Set 2 keyboard" (type: KEYBOARD, id 11)
[    93.428] (**) Option "xkb_model" "pc105"
[    93.428] (**) Option "xkb_layout" "us"
[    93.431] (II) event2  - AT Translated Set 2 keyboard: is tagged by udev as: Keyboard
[    93.431] (II) event2  - AT Translated Set 2 keyboard: device is a keyboard
[    93.452] (II) config/udev: Adding input device ImExPS/2 Generic Explorer Mouse (/dev/input/event4)
[    93.452] (**) ImExPS/2 Generic Explorer Mouse: Applying InputClass "libinput pointer catchall"
[    93.452] (II) Using input driver 'libinput' for 'ImExPS/2 Generic Explorer Mouse'
[    93.457] (II) systemd-logind: got fd for /dev/input/event4 13:68 fd 28 paused 0
[    93.457] (**) ImExPS/2 Generic Explorer Mouse: always reports core events
[    93.457] (**) Option "Device" "/dev/input/event4"
[    93.457] (**) Option "_source" "server/udev"
[    93.458] (II) event4  - ImExPS/2 Generic Explorer Mouse: is tagged by udev as: Mouse
[    93.458] (II) event4  - ImExPS/2 Generic Explorer Mouse: device is a pointer
[    93.459] (II) event4  - ImExPS/2 Generic Explorer Mouse: device removed
[    93.459] (**) Option "config_info" "udev:/sys/devices/platform/i8042/serio1/input/input5/event4"
[    93.459] (II) XINPUT: Adding extended input device "ImExPS/2 Generic Explorer Mouse" (type: MOUSE, id 12)
[    93.459] (**) Option "AccelerationScheme" "none"
[    93.459] (**) ImExPS/2 Generic Explorer Mouse: (accel) selected scheme none/0
[    93.459] (**) ImExPS/2 Generic Explorer Mouse: (accel) acceleration factor: 2.000
[    93.459] (**) ImExPS/2 Generic Explorer Mouse: (accel) acceleration threshold: 4
[    93.460] (II) event4  - ImExPS/2 Generic Explorer Mouse: is tagged by udev as: Mouse
[    93.460] (II) event4  - ImExPS/2 Generic Explorer Mouse: device is a pointer
[    93.464] (II) config/udev: Adding input device ImExPS/2 Generic Explorer Mouse (/dev/input/mouse0)
[    93.464] (II) No input driver specified, ignoring this device.
[    93.464] (II) This device may have been added with another device file.
[    95.473] (EE) No surface to present from.
[  5738.032] (II) event4  - ImExPS/2 Generic Explorer Mouse: Enabling spurious button debouncing, see https://wayland.freedesktop.org/libinput/doc/1.15.5/button-debouncing.html for details
